<?xml version="1.0" encoding="UTF-8"?>
<!-- Generated by org.testng.reporters.JUnitXMLReporter -->
<testsuite ignored="0" hostname="DESKTOP-H9C8K9D" failures="0" tests="2" name="MercuryLogin" time="21.266" errors="0" timestamp="12 Jun 2019 15:38:55 GMT">
  <testcase classname="com.syntax.testcases.MercuryLoginPageTest" name="loginWithTruePass" time="2.546"/>
  <testcase classname="com.syntax.testcases.MercuryLoginPageTest" name="loginWithWrongPass" time="3.033"/>
</testsuite> <!-- MercuryLogin -->
